
(wh-wall:466979): Gtk-WARNING **: 02:05:15.664: Theme parser error: gtk.css:4963:12-17: "shade" is not a valid color name.

(wh-wall:466979): Gtk-WARNING **: 02:05:15.664: Theme parser error: gtk.css:5023:12-17: "shade" is not a valid color name.

(wh-wall:466979): Gtk-WARNING **: 02:05:15.664: Theme parser error: gtk.css:5050:12-15: "mix" is not a valid color name.

(wh-wall:466979): Gtk-WARNING **: 02:05:15.664: Theme parser error: gtk.css:5054:12-15: "mix" is not a valid color name.

(wh-wall:466979): Gtk-WARNING **: 02:05:15.664: Theme parser warning: gtk.css:5255:3-5256:1: Expected ';' at end of block

(wh-wall:466979): Gtk-WARNING **: 02:05:15.664: Theme parser error: gtk.css:5286:3-19: No property named "-gtk-icon-effect"

(wh-wall:466979): Gtk-WARNING **: 02:05:15.706: Theme parser error: gtk-dark.css:4963:12-17: "shade" is not a valid color name.

(wh-wall:466979): Gtk-WARNING **: 02:05:15.707: Theme parser error: gtk-dark.css:5023:12-17: "shade" is not a valid color name.

(wh-wall:466979): Gtk-WARNING **: 02:05:15.707: Theme parser error: gtk-dark.css:5050:12-15: "mix" is not a valid color name.

(wh-wall:466979): Gtk-WARNING **: 02:05:15.707: Theme parser error: gtk-dark.css:5054:12-15: "mix" is not a valid color name.

(wh-wall:466979): Gtk-WARNING **: 02:05:15.707: Theme parser warning: gtk-dark.css:5255:3-5256:1: Expected ';' at end of block

(wh-wall:466979): Gtk-WARNING **: 02:05:15.707: Theme parser error: gtk-dark.css:5286:3-19: No property named "-gtk-icon-effect"

(wh-wall:466979): GLib-GObject-CRITICAL **: 02:05:15.759: invalid cast from 'GtkSearchEntry' to 'GtkText'

(wh-wall:466979): Gtk-CRITICAL **: 02:05:15.759: gtk_text_set_placeholder_text: assertion 'GTK_IS_TEXT (self)' failed

(wh-wall:466979): Gdk-CRITICAL **: 02:05:15.766: gdk_texture_get_width: assertion 'GDK_IS_TEXTURE (texture)' failed

(wh-wall:466979): Gdk-CRITICAL **: 02:05:15.766: gdk_texture_get_height: assertion 'GDK_IS_TEXTURE (texture)' failed

(wh-wall:466979): Gsk-CRITICAL **: 02:05:15.766: gsk_texture_node_new: assertion 'GDK_IS_TEXTURE (texture)' failed

(wh-wall:466979): Gtk-CRITICAL **: 02:05:15.766: gtk_css_section_get_bytes: assertion 'section != NULL' failed

(wh-wall:466979): Gtk-CRITICAL **: 02:05:15.766: gtk_css_section_get_bytes: assertion 'section != NULL' failed

(wh-wall:466979): Gtk-CRITICAL **: 02:05:15.766: gtk_css_section_get_bytes: assertion 'section != NULL' failed

(wh-wall:466979): Gdk-CRITICAL **: 02:05:15.766: gdk_texture_get_width: assertion 'GDK_IS_TEXTURE (texture)' failed

(wh-wall:466979): Gdk-CRITICAL **: 02:05:15.766: gdk_texture_get_height: assertion 'GDK_IS_TEXTURE (texture)' failed

(wh-wall:466979): Gsk-CRITICAL **: 02:05:15.766: gsk_texture_node_new: assertion 'GDK_IS_TEXTURE (texture)' failed

(wh-wall:466979): Gtk-CRITICAL **: 02:05:15.766: gtk_css_section_get_bytes: assertion 'section != NULL' failed

(wh-wall:466979): Gtk-CRITICAL **: 02:05:15.766: gtk_css_section_get_bytes: assertion 'section != NULL' failed

(wh-wall:466979): Gtk-CRITICAL **: 02:05:15.766: gtk_css_section_get_bytes: assertion 'section != NULL' failed

(wh-wall:466979): Gdk-CRITICAL **: 02:05:15.766: gdk_texture_get_width: assertion 'GDK_IS_TEXTURE (texture)' failed

(wh-wall:466979): Gdk-CRITICAL **: 02:05:15.766: gdk_texture_get_height: assertion 'GDK_IS_TEXTURE (texture)' failed

(wh-wall:466979): Gsk-CRITICAL **: 02:05:15.766: gsk_texture_node_new: assertion 'GDK_IS_TEXTURE (texture)' failed

(wh-wall:466979): Gtk-CRITICAL **: 02:05:15.766: gtk_css_section_get_bytes: assertion 'section != NULL' failed

(wh-wall:466979): Gtk-CRITICAL **: 02:05:15.766: gtk_css_section_get_bytes: assertion 'section != NULL' failed

(wh-wall:466979): Gtk-CRITICAL **: 02:05:15.766: gtk_css_section_get_bytes: assertion 'section != NULL' failed

(wh-wall:466979): Gdk-CRITICAL **: 02:05:15.780: gdk_texture_get_width: assertion 'GDK_IS_TEXTURE (texture)' failed

(wh-wall:466979): Gdk-CRITICAL **: 02:05:15.780: gdk_texture_get_height: assertion 'GDK_IS_TEXTURE (texture)' failed

(wh-wall:466979): Gsk-CRITICAL **: 02:05:15.780: gsk_texture_node_new: assertion 'GDK_IS_TEXTURE (texture)' failed

(wh-wall:466979): Gtk-CRITICAL **: 02:05:15.780: gtk_css_section_get_bytes: assertion 'section != NULL' failed

(wh-wall:466979): Gtk-CRITICAL **: 02:05:15.780: gtk_css_section_get_bytes: assertion 'section != NULL' failed

(wh-wall:466979): Gtk-CRITICAL **: 02:05:15.780: gtk_css_section_get_bytes: assertion 'section != NULL' failed

(wh-wall:466979): Gdk-CRITICAL **: 02:05:15.780: gdk_texture_get_width: assertion 'GDK_IS_TEXTURE (texture)' failed

(wh-wall:466979): Gdk-CRITICAL **: 02:05:15.780: gdk_texture_get_height: assertion 'GDK_IS_TEXTURE (texture)' failed

(wh-wall:466979): Gsk-CRITICAL **: 02:05:15.780: gsk_texture_node_new: assertion 'GDK_IS_TEXTURE (texture)' failed

(wh-wall:466979): Gtk-CRITICAL **: 02:05:15.780: gtk_css_section_get_bytes: assertion 'section != NULL' failed

(wh-wall:466979): Gtk-CRITICAL **: 02:05:15.780: gtk_css_section_get_bytes: assertion 'section != NULL' failed

(wh-wall:466979): Gtk-CRITICAL **: 02:05:15.780: gtk_css_section_get_bytes: assertion 'section != NULL' failed

(wh-wall:466979): Gdk-CRITICAL **: 02:05:15.780: gdk_texture_get_width: assertion 'GDK_IS_TEXTURE (texture)' failed

(wh-wall:466979): Gdk-CRITICAL **: 02:05:15.780: gdk_texture_get_height: assertion 'GDK_IS_TEXTURE (texture)' failed

(wh-wall:466979): Gsk-CRITICAL **: 02:05:15.780: gsk_texture_node_new: assertion 'GDK_IS_TEXTURE (texture)' failed

(wh-wall:466979): Gtk-CRITICAL **: 02:05:15.780: gtk_css_section_get_bytes: assertion 'section != NULL' failed

(wh-wall:466979): Gtk-CRITICAL **: 02:05:15.780: gtk_css_section_get_bytes: assertion 'section != NULL' failed

(wh-wall:466979): Gtk-CRITICAL **: 02:05:15.780: gtk_css_section_get_bytes: assertion 'section != NULL' failed

(wh-wall:466979): Gdk-CRITICAL **: 02:05:15.796: gdk_texture_get_width: assertion 'GDK_IS_TEXTURE (texture)' failed

(wh-wall:466979): Gdk-CRITICAL **: 02:05:15.796: gdk_texture_get_height: assertion 'GDK_IS_TEXTURE (texture)' failed

(wh-wall:466979): Gsk-CRITICAL **: 02:05:15.796: gsk_texture_node_new: assertion 'GDK_IS_TEXTURE (texture)' failed

(wh-wall:466979): Gtk-CRITICAL **: 02:05:15.796: gtk_css_section_get_bytes: assertion 'section != NULL' failed

(wh-wall:466979): Gtk-CRITICAL **: 02:05:15.796: gtk_css_section_get_bytes: assertion 'section != NULL' failed

(wh-wall:466979): Gtk-CRITICAL **: 02:05:15.796: gtk_css_section_get_bytes: assertion 'section != NULL' failed

(wh-wall:466979): Gdk-CRITICAL **: 02:05:15.796: gdk_texture_get_width: assertion 'GDK_IS_TEXTURE (texture)' failed

(wh-wall:466979): Gdk-CRITICAL **: 02:05:15.796: gdk_texture_get_height: assertion 'GDK_IS_TEXTURE (texture)' failed

(wh-wall:466979): Gsk-CRITICAL **: 02:05:15.796: gsk_texture_node_new: assertion 'GDK_IS_TEXTURE (texture)' failed

(wh-wall:466979): Gtk-CRITICAL **: 02:05:15.796: gtk_css_section_get_bytes: assertion 'section != NULL' failed

(wh-wall:466979): Gtk-CRITICAL **: 02:05:15.796: gtk_css_section_get_bytes: assertion 'section != NULL' failed

(wh-wall:466979): Gtk-CRITICAL **: 02:05:15.796: gtk_css_section_get_bytes: assertion 'section != NULL' failed

(wh-wall:466979): Gdk-CRITICAL **: 02:05:15.796: gdk_texture_get_width: assertion 'GDK_IS_TEXTURE (texture)' failed

(wh-wall:466979): Gdk-CRITICAL **: 02:05:15.796: gdk_texture_get_height: assertion 'GDK_IS_TEXTURE (texture)' failed

(wh-wall:466979): Gsk-CRITICAL **: 02:05:15.796: gsk_texture_node_new: assertion 'GDK_IS_TEXTURE (texture)' failed

(wh-wall:466979): Gtk-CRITICAL **: 02:05:15.796: gtk_css_section_get_bytes: assertion 'section != NULL' failed

(wh-wall:466979): Gtk-CRITICAL **: 02:05:15.796: gtk_css_section_get_bytes: assertion 'section != NULL' failed

(wh-wall:466979): Gtk-CRITICAL **: 02:05:15.796: gtk_css_section_get_bytes: assertion 'section != NULL' failed

(wh-wall:466979): Gdk-CRITICAL **: 02:05:20.364: gdk_texture_get_width: assertion 'GDK_IS_TEXTURE (texture)' failed

(wh-wall:466979): Gdk-CRITICAL **: 02:05:20.364: gdk_texture_get_height: assertion 'GDK_IS_TEXTURE (texture)' failed

(wh-wall:466979): Gsk-CRITICAL **: 02:05:20.364: gsk_texture_node_new: assertion 'GDK_IS_TEXTURE (texture)' failed

(wh-wall:466979): Gtk-CRITICAL **: 02:05:20.364: gtk_css_section_get_bytes: assertion 'section != NULL' failed

(wh-wall:466979): Gtk-CRITICAL **: 02:05:20.364: gtk_css_section_get_bytes: assertion 'section != NULL' failed

(wh-wall:466979): Gtk-CRITICAL **: 02:05:20.364: gtk_css_section_get_bytes: assertion 'section != NULL' failed

(wh-wall:466979): Gdk-CRITICAL **: 02:05:20.393: gdk_texture_get_width: assertion 'GDK_IS_TEXTURE (texture)' failed

(wh-wall:466979): Gdk-CRITICAL **: 02:05:20.393: gdk_texture_get_height: assertion 'GDK_IS_TEXTURE (texture)' failed

(wh-wall:466979): Gsk-CRITICAL **: 02:05:20.393: gsk_texture_node_new: assertion 'GDK_IS_TEXTURE (texture)' failed

(wh-wall:466979): Gtk-CRITICAL **: 02:05:20.393: gtk_css_section_get_bytes: assertion 'section != NULL' failed

(wh-wall:466979): Gtk-CRITICAL **: 02:05:20.393: gtk_css_section_get_bytes: assertion 'section != NULL' failed

(wh-wall:466979): Gtk-CRITICAL **: 02:05:20.393: gtk_css_section_get_bytes: assertion 'section != NULL' failed

(wh-wall:466979): Gdk-CRITICAL **: 02:05:20.398: gdk_texture_get_width: assertion 'GDK_IS_TEXTURE (texture)' failed

(wh-wall:466979): Gdk-CRITICAL **: 02:05:20.398: gdk_texture_get_height: assertion 'GDK_IS_TEXTURE (texture)' failed

(wh-wall:466979): Gsk-CRITICAL **: 02:05:20.398: gsk_texture_node_new: assertion 'GDK_IS_TEXTURE (texture)' failed

(wh-wall:466979): Gtk-CRITICAL **: 02:05:20.398: gtk_css_section_get_bytes: assertion 'section != NULL' failed

(wh-wall:466979): Gtk-CRITICAL **: 02:05:20.398: gtk_css_section_get_bytes: assertion 'section != NULL' failed

(wh-wall:466979): Gtk-CRITICAL **: 02:05:20.398: gtk_css_section_get_bytes: assertion 'section != NULL' failed

(wh-wall:466979): Gdk-CRITICAL **: 02:05:20.413: gdk_texture_get_width: assertion 'GDK_IS_TEXTURE (texture)' failed

(wh-wall:466979): Gdk-CRITICAL **: 02:05:20.413: gdk_texture_get_height: assertion 'GDK_IS_TEXTURE (texture)' failed

(wh-wall:466979): Gsk-CRITICAL **: 02:05:20.413: gsk_texture_node_new: assertion 'GDK_IS_TEXTURE (texture)' failed

(wh-wall:466979): Gtk-CRITICAL **: 02:05:20.413: gtk_css_section_get_bytes: assertion 'section != NULL' failed

(wh-wall:466979): Gtk-CRITICAL **: 02:05:20.413: gtk_css_section_get_bytes: assertion 'section != NULL' failed

(wh-wall:466979): Gtk-CRITICAL **: 02:05:20.413: gtk_css_section_get_bytes: assertion 'section != NULL' failed

(wh-wall:466979): Gdk-CRITICAL **: 02:05:20.422: gdk_texture_get_width: assertion 'GDK_IS_TEXTURE (texture)' failed

(wh-wall:466979): Gdk-CRITICAL **: 02:05:20.422: gdk_texture_get_height: assertion 'GDK_IS_TEXTURE (texture)' failed

(wh-wall:466979): Gsk-CRITICAL **: 02:05:20.422: gsk_texture_node_new: assertion 'GDK_IS_TEXTURE (texture)' failed

(wh-wall:466979): Gtk-CRITICAL **: 02:05:20.422: gtk_css_section_get_bytes: assertion 'section != NULL' failed

(wh-wall:466979): Gtk-CRITICAL **: 02:05:20.422: gtk_css_section_get_bytes: assertion 'section != NULL' failed

(wh-wall:466979): Gtk-CRITICAL **: 02:05:20.422: gtk_css_section_get_bytes: assertion 'section != NULL' failed

(wh-wall:466979): Gdk-CRITICAL **: 02:05:20.434: gdk_texture_get_width: assertion 'GDK_IS_TEXTURE (texture)' failed

(wh-wall:466979): Gdk-CRITICAL **: 02:05:20.434: gdk_texture_get_height: assertion 'GDK_IS_TEXTURE (texture)' failed

(wh-wall:466979): Gsk-CRITICAL **: 02:05:20.434: gsk_texture_node_new: assertion 'GDK_IS_TEXTURE (texture)' failed

(wh-wall:466979): Gtk-CRITICAL **: 02:05:20.434: gtk_css_section_get_bytes: assertion 'section != NULL' failed

(wh-wall:466979): Gtk-CRITICAL **: 02:05:20.434: gtk_css_section_get_bytes: assertion 'section != NULL' failed

(wh-wall:466979): Gtk-CRITICAL **: 02:05:20.434: gtk_css_section_get_bytes: assertion 'section != NULL' failed

(wh-wall:466979): Gdk-CRITICAL **: 02:05:20.440: gdk_texture_get_width: assertion 'GDK_IS_TEXTURE (texture)' failed

(wh-wall:466979): Gdk-CRITICAL **: 02:05:20.440: gdk_texture_get_height: assertion 'GDK_IS_TEXTURE (texture)' failed

(wh-wall:466979): Gsk-CRITICAL **: 02:05:20.440: gsk_texture_node_new: assertion 'GDK_IS_TEXTURE (texture)' failed

(wh-wall:466979): Gtk-CRITICAL **: 02:05:20.440: gtk_css_section_get_bytes: assertion 'section != NULL' failed

(wh-wall:466979): Gtk-CRITICAL **: 02:05:20.440: gtk_css_section_get_bytes: assertion 'section != NULL' failed

(wh-wall:466979): Gtk-CRITICAL **: 02:05:20.440: gtk_css_section_get_bytes: assertion 'section != NULL' failed

(wh-wall:466979): Gdk-CRITICAL **: 02:05:20.574: gdk_texture_get_width: assertion 'GDK_IS_TEXTURE (texture)' failed

(wh-wall:466979): Gdk-CRITICAL **: 02:05:20.574: gdk_texture_get_height: assertion 'GDK_IS_TEXTURE (texture)' failed

(wh-wall:466979): Gsk-CRITICAL **: 02:05:20.574: gsk_texture_node_new: assertion 'GDK_IS_TEXTURE (texture)' failed

(wh-wall:466979): Gtk-CRITICAL **: 02:05:20.574: gtk_css_section_get_bytes: assertion 'section != NULL' failed

(wh-wall:466979): Gtk-CRITICAL **: 02:05:20.574: gtk_css_section_get_bytes: assertion 'section != NULL' failed

(wh-wall:466979): Gtk-CRITICAL **: 02:05:20.574: gtk_css_section_get_bytes: assertion 'section != NULL' failed

(wh-wall:466979): Gdk-CRITICAL **: 02:05:20.579: gdk_texture_get_width: assertion 'GDK_IS_TEXTURE (texture)' failed

(wh-wall:466979): Gdk-CRITICAL **: 02:05:20.579: gdk_texture_get_height: assertion 'GDK_IS_TEXTURE (texture)' failed

(wh-wall:466979): Gsk-CRITICAL **: 02:05:20.579: gsk_texture_node_new: assertion 'GDK_IS_TEXTURE (texture)' failed

(wh-wall:466979): Gtk-CRITICAL **: 02:05:20.579: gtk_css_section_get_bytes: assertion 'section != NULL' failed

(wh-wall:466979): Gtk-CRITICAL **: 02:05:20.579: gtk_css_section_get_bytes: assertion 'section != NULL' failed

(wh-wall:466979): Gtk-CRITICAL **: 02:05:20.579: gtk_css_section_get_bytes: assertion 'section != NULL' failed

(wh-wall:466979): Gdk-CRITICAL **: 02:05:20.586: gdk_texture_get_width: assertion 'GDK_IS_TEXTURE (texture)' failed

(wh-wall:466979): Gdk-CRITICAL **: 02:05:20.586: gdk_texture_get_height: assertion 'GDK_IS_TEXTURE (texture)' failed

(wh-wall:466979): Gsk-CRITICAL **: 02:05:20.586: gsk_texture_node_new: assertion 'GDK_IS_TEXTURE (texture)' failed

(wh-wall:466979): Gtk-CRITICAL **: 02:05:20.586: gtk_css_section_get_bytes: assertion 'section != NULL' failed

(wh-wall:466979): Gtk-CRITICAL **: 02:05:20.586: gtk_css_section_get_bytes: assertion 'section != NULL' failed

(wh-wall:466979): Gtk-CRITICAL **: 02:05:20.586: gtk_css_section_get_bytes: assertion 'section != NULL' failed

(wh-wall:466979): Gdk-CRITICAL **: 02:05:20.598: gdk_texture_get_width: assertion 'GDK_IS_TEXTURE (texture)' failed

(wh-wall:466979): Gdk-CRITICAL **: 02:05:20.598: gdk_texture_get_height: assertion 'GDK_IS_TEXTURE (texture)' failed

(wh-wall:466979): Gsk-CRITICAL **: 02:05:20.598: gsk_texture_node_new: assertion 'GDK_IS_TEXTURE (texture)' failed

(wh-wall:466979): Gtk-CRITICAL **: 02:05:20.598: gtk_css_section_get_bytes: assertion 'section != NULL' failed

(wh-wall:466979): Gtk-CRITICAL **: 02:05:20.598: gtk_css_section_get_bytes: assertion 'section != NULL' failed

(wh-wall:466979): Gtk-CRITICAL **: 02:05:20.598: gtk_css_section_get_bytes: assertion 'section != NULL' failed

(wh-wall:466979): Gdk-CRITICAL **: 02:05:20.606: gdk_texture_get_width: assertion 'GDK_IS_TEXTURE (texture)' failed

(wh-wall:466979): Gdk-CRITICAL **: 02:05:20.606: gdk_texture_get_height: assertion 'GDK_IS_TEXTURE (texture)' failed

(wh-wall:466979): Gsk-CRITICAL **: 02:05:20.606: gsk_texture_node_new: assertion 'GDK_IS_TEXTURE (texture)' failed

(wh-wall:466979): Gtk-CRITICAL **: 02:05:20.606: gtk_css_section_get_bytes: assertion 'section != NULL' failed

(wh-wall:466979): Gtk-CRITICAL **: 02:05:20.606: gtk_css_section_get_bytes: assertion 'section != NULL' failed

(wh-wall:466979): Gtk-CRITICAL **: 02:05:20.606: gtk_css_section_get_bytes: assertion 'section != NULL' failed

(wh-wall:466979): GLib-GObject-CRITICAL **: 02:05:34.032: invalid unclassed pointer in cast to 'GtkWindow'

(wh-wall:466979): Gtk-CRITICAL **: 02:05:34.032: gtk_window_destroy: assertion 'GTK_IS_WINDOW (window)' failed

(wh-wall:466979): GLib-GObject-CRITICAL **: 02:05:50.910: invalid unclassed pointer in cast to 'GtkWindow'

(wh-wall:466979): Gtk-CRITICAL **: 02:05:50.910: gtk_window_destroy: assertion 'GTK_IS_WINDOW (window)' failed

(wh-wall:466979): GLib-GObject-CRITICAL **: 02:06:03.522: invalid unclassed pointer in cast to 'GtkWindow'

(wh-wall:466979): Gtk-CRITICAL **: 02:06:03.522: gtk_window_destroy: assertion 'GTK_IS_WINDOW (window)' failed

(wh-wall:466979): GLib-GObject-CRITICAL **: 02:06:36.140: invalid unclassed pointer in cast to 'GtkWindow'

(wh-wall:466979): Gtk-CRITICAL **: 02:06:36.140: gtk_window_destroy: assertion 'GTK_IS_WINDOW (window)' failed

(wh-wall:466979): GLib-GObject-CRITICAL **: 02:06:56.054: invalid unclassed pointer in cast to 'GtkWindow'

(wh-wall:466979): Gtk-CRITICAL **: 02:06:56.054: gtk_window_destroy: assertion 'GTK_IS_WINDOW (window)' failed

(wh-wall:466979): GLib-GObject-CRITICAL **: 02:07:21.101: invalid unclassed pointer in cast to 'GtkWindow'

(wh-wall:466979): Gtk-CRITICAL **: 02:07:21.101: gtk_window_destroy: assertion 'GTK_IS_WINDOW (window)' failed

(wh-wall:466979): GLib-GObject-CRITICAL **: 02:07:29.882: invalid unclassed pointer in cast to 'GtkWindow'

(wh-wall:466979): Gtk-CRITICAL **: 02:07:29.882: gtk_window_destroy: assertion 'GTK_IS_WINDOW (window)' failed

(wh-wall:466979): GLib-GObject-CRITICAL **: 02:10:52.801: invalid unclassed pointer in cast to 'GtkWindow'

(wh-wall:466979): Gtk-CRITICAL **: 02:10:52.801: gtk_window_destroy: assertion 'GTK_IS_WINDOW (window)' failed

(wh-wall:466979): GLib-GObject-CRITICAL **: 02:11:31.871: invalid unclassed pointer in cast to 'GtkWindow'

(wh-wall:466979): Gtk-CRITICAL **: 02:11:31.871: gtk_window_destroy: assertion 'GTK_IS_WINDOW (window)' failed

(wh-wall:466979): GLib-GObject-CRITICAL **: 02:11:39.628: invalid unclassed pointer in cast to 'GtkWindow'

(wh-wall:466979): Gtk-CRITICAL **: 02:11:39.628: gtk_window_destroy: assertion 'GTK_IS_WINDOW (window)' failed

(wh-wall:466979): GLib-GObject-CRITICAL **: 02:11:54.119: invalid unclassed pointer in cast to 'GtkWindow'

(wh-wall:466979): Gtk-CRITICAL **: 02:11:54.119: gtk_window_destroy: assertion 'GTK_IS_WINDOW (window)' failed

(wh-wall:466979): GLib-GObject-CRITICAL **: 02:12:01.883: invalid unclassed pointer in cast to 'GtkWindow'

(wh-wall:466979): Gtk-CRITICAL **: 02:12:01.884: gtk_window_destroy: assertion 'GTK_IS_WINDOW (window)' failed

(wh-wall:466979): GLib-GObject-CRITICAL **: 02:12:11.627: invalid unclassed pointer in cast to 'GtkWindow'

(wh-wall:466979): Gtk-CRITICAL **: 02:12:11.627: gtk_window_destroy: assertion 'GTK_IS_WINDOW (window)' failed

(wh-wall:466979): GLib-GObject-CRITICAL **: 02:12:19.803: invalid unclassed pointer in cast to 'GtkWindow'

(wh-wall:466979): Gtk-CRITICAL **: 02:12:19.803: gtk_window_destroy: assertion 'GTK_IS_WINDOW (window)' failed
error: invalid hyprpaper request
error: invalid hyprpaper request
error: can't send: failed to connect to hyprpaper (is it running?)

(wh-wall:466979): wh-wall-CRITICAL **: 02:12:23.784: hyprpaper command failed (ret=256)

(wh-wall:466979): GLib-GObject-CRITICAL **: 02:12:25.311: invalid unclassed pointer in cast to 'GtkWindow'

(wh-wall:466979): Gtk-CRITICAL **: 02:12:25.311: gtk_window_destroy: assertion 'GTK_IS_WINDOW (window)' failed

(wh-wall:466979): GLib-GObject-CRITICAL **: 02:12:35.026: invalid unclassed pointer in cast to 'GtkWindow'

(wh-wall:466979): Gtk-CRITICAL **: 02:12:35.026: gtk_window_destroy: assertion 'GTK_IS_WINDOW (window)' failed

(wh-wall:466979): GLib-GObject-CRITICAL **: 02:12:41.771: invalid unclassed pointer in cast to 'GtkWindow'

(wh-wall:466979): Gtk-CRITICAL **: 02:12:41.771: gtk_window_destroy: assertion 'GTK_IS_WINDOW (window)' failed

(wh-wall:466979): GLib-GObject-CRITICAL **: 02:13:18.655: invalid unclassed pointer in cast to 'GtkWindow'

(wh-wall:466979): Gtk-CRITICAL **: 02:13:18.655: gtk_window_destroy: assertion 'GTK_IS_WINDOW (window)' failed

(wh-wall:466979): GLib-GObject-CRITICAL **: 02:14:21.828: invalid unclassed pointer in cast to 'GtkWindow'

(wh-wall:466979): Gtk-CRITICAL **: 02:14:21.828: gtk_window_destroy: assertion 'GTK_IS_WINDOW (window)' failed
error: invalid hyprpaper request
error: invalid hyprpaper request

(wh-wall:466979): GLib-GObject-CRITICAL **: 02:14:26.653: invalid unclassed pointer in cast to 'GtkWindow'

(wh-wall:466979): Gtk-CRITICAL **: 02:14:26.653: gtk_window_destroy: assertion 'GTK_IS_WINDOW (window)' failed
error: invalid hyprpaper request
error: invalid hyprpaper request

(wh-wall:466979): GLib-GObject-CRITICAL **: 02:14:38.326: invalid unclassed pointer in cast to 'GtkWindow'

(wh-wall:466979): Gtk-CRITICAL **: 02:14:38.326: gtk_window_destroy: assertion 'GTK_IS_WINDOW (window)' failed
error: invalid hyprpaper request
error: invalid hyprpaper request

(wh-wall:466979): GLib-GObject-CRITICAL **: 02:14:47.239: invalid unclassed pointer in cast to 'GtkWindow'

(wh-wall:466979): Gtk-CRITICAL **: 02:14:47.239: gtk_window_destroy: assertion 'GTK_IS_WINDOW (window)' failed
error: invalid hyprpaper request
error: invalid hyprpaper request

(wh-wall:466979): GLib-GObject-CRITICAL **: 02:14:52.732: invalid unclassed pointer in cast to 'GtkWindow'

(wh-wall:466979): Gtk-CRITICAL **: 02:14:52.732: gtk_window_destroy: assertion 'GTK_IS_WINDOW (window)' failed
error: invalid hyprpaper request
error: invalid hyprpaper request

(wh-wall:466979): GLib-GObject-CRITICAL **: 02:15:05.809: invalid unclassed pointer in cast to 'GtkWindow'

(wh-wall:466979): Gtk-CRITICAL **: 02:15:05.809: gtk_window_destroy: assertion 'GTK_IS_WINDOW (window)' failed

(wh-wall:466979): GLib-GObject-CRITICAL **: 02:15:10.087: invalid unclassed pointer in cast to 'GtkWindow'

(wh-wall:466979): Gtk-CRITICAL **: 02:15:10.087: gtk_window_destroy: assertion 'GTK_IS_WINDOW (window)' failed

(wh-wall:466979): GLib-GObject-CRITICAL **: 02:15:16.561: invalid unclassed pointer in cast to 'GtkWindow'

(wh-wall:466979): Gtk-CRITICAL **: 02:15:16.561: gtk_window_destroy: assertion 'GTK_IS_WINDOW (window)' failed
error: invalid hyprpaper request
error: invalid hyprpaper request

(wh-wall:466979): GLib-GObject-CRITICAL **: 02:15:43.083: invalid unclassed pointer in cast to 'GtkWindow'

(wh-wall:466979): Gtk-CRITICAL **: 02:15:43.083: gtk_window_destroy: assertion 'GTK_IS_WINDOW (window)' failed

(wh-wall:466979): GLib-GObject-CRITICAL **: 02:16:07.497: invalid unclassed pointer in cast to 'GtkWindow'

(wh-wall:466979): Gtk-CRITICAL **: 02:16:07.497: gtk_window_destroy: assertion 'GTK_IS_WINDOW (window)' failed
AddressSanitizer:DEADLYSIGNAL
=================================================================
==466979==ERROR: AddressSanitizer: SEGV on unknown address (pc 0x7fd131a81cf5 bp 0x7ffe8c81b5e0 sp 0x7ffe8c81b530 T0)
==466979==The signal is caused by a READ memory access.
==466979==Hint: this fault was caused by a dereference of a high value address (see register values below).  Disassemble the provided pc to learn which register was used.
    #0 0x7fd131a81cf5 in g_type_check_instance_cast (/usr/lib/libgobject-2.0.so.0+0x49cf5) (BuildId: 26dffaf1d48a1efb9a2904bc1274d80861d07ab3)
    #1 0x55dbbde4ad67 in show_preview ../src/window.c:393
    #2 0x55dbbde4b4c7 in on_thumb_button_clicked ../src/window.c:469
    #3 0x7fd131a79eaa  (/usr/lib/libgobject-2.0.so.0+0x41eaa) (BuildId: 26dffaf1d48a1efb9a2904bc1274d80861d07ab3)
    #4 0x7fd131a7a4e8 in g_signal_emit_valist (/usr/lib/libgobject-2.0.so.0+0x424e8) (BuildId: 26dffaf1d48a1efb9a2904bc1274d80861d07ab3)
    #5 0x7fd131a7a5ab in g_signal_emit (/usr/lib/libgobject-2.0.so.0+0x425ab) (BuildId: 26dffaf1d48a1efb9a2904bc1274d80861d07ab3)
    #6 0x7fd130490190  (/usr/lib/libgtk-4.so.1+0x90190) (BuildId: a19017aadfb65d8f9ad5c1c3ab7c66dfcfa81192)
    #7 0x7fd131a79eaa  (/usr/lib/libgobject-2.0.so.0+0x41eaa) (BuildId: 26dffaf1d48a1efb9a2904bc1274d80861d07ab3)
    #8 0x7fd131a7a4e8 in g_signal_emit_valist (/usr/lib/libgobject-2.0.so.0+0x424e8) (BuildId: 26dffaf1d48a1efb9a2904bc1274d80861d07ab3)
    #9 0x7fd131a7a5ab in g_signal_emit (/usr/lib/libgobject-2.0.so.0+0x425ab) (BuildId: 26dffaf1d48a1efb9a2904bc1274d80861d07ab3)
    #10 0x7fd13056f5ac  (/usr/lib/libgtk-4.so.1+0x16f5ac) (BuildId: a19017aadfb65d8f9ad5c1c3ab7c66dfcfa81192)
    #11 0x7fd131a4f8d4 in g_cclosure_marshal_VOID__BOXEDv (/usr/lib/libgobject-2.0.so.0+0x178d4) (BuildId: 26dffaf1d48a1efb9a2904bc1274d80861d07ab3)
    #12 0x7fd131a79eaa  (/usr/lib/libgobject-2.0.so.0+0x41eaa) (BuildId: 26dffaf1d48a1efb9a2904bc1274d80861d07ab3)
    #13 0x7fd131a7a4e8 in g_signal_emit_valist (/usr/lib/libgobject-2.0.so.0+0x424e8) (BuildId: 26dffaf1d48a1efb9a2904bc1274d80861d07ab3)
    #14 0x7fd131a7a5ab in g_signal_emit (/usr/lib/libgobject-2.0.so.0+0x425ab) (BuildId: 26dffaf1d48a1efb9a2904bc1274d80861d07ab3)
    #15 0x7fd13056822e  (/usr/lib/libgtk-4.so.1+0x16822e) (BuildId: a19017aadfb65d8f9ad5c1c3ab7c66dfcfa81192)
    #16 0x7fd130569b3a  (/usr/lib/libgtk-4.so.1+0x169b3a) (BuildId: a19017aadfb65d8f9ad5c1c3ab7c66dfcfa81192)
    #17 0x7fd13056ffb9  (/usr/lib/libgtk-4.so.1+0x16ffb9) (BuildId: a19017aadfb65d8f9ad5c1c3ab7c66dfcfa81192)
    #18 0x7fd13075051e  (/usr/lib/libgtk-4.so.1+0x35051e) (BuildId: a19017aadfb65d8f9ad5c1c3ab7c66dfcfa81192)
    #19 0x7fd130750c31  (/usr/lib/libgtk-4.so.1+0x350c31) (BuildId: a19017aadfb65d8f9ad5c1c3ab7c66dfcfa81192)
    #20 0x7fd1305bd777  (/usr/lib/libgtk-4.so.1+0x1bd777) (BuildId: a19017aadfb65d8f9ad5c1c3ab7c66dfcfa81192)
    #21 0x7fd1305be52a  (/usr/lib/libgtk-4.so.1+0x1be52a) (BuildId: a19017aadfb65d8f9ad5c1c3ab7c66dfcfa81192)
    #22 0x7fd130969cb6  (/usr/lib/libgtk-4.so.1+0x569cb6) (BuildId: a19017aadfb65d8f9ad5c1c3ab7c66dfcfa81192)
    #23 0x7fd130a36e59  (/usr/lib/libgtk-4.so.1+0x636e59) (BuildId: a19017aadfb65d8f9ad5c1c3ab7c66dfcfa81192)
    #24 0x7fd131a79eaa  (/usr/lib/libgobject-2.0.so.0+0x41eaa) (BuildId: 26dffaf1d48a1efb9a2904bc1274d80861d07ab3)
    #25 0x7fd131a7a4e8 in g_signal_emit_valist (/usr/lib/libgobject-2.0.so.0+0x424e8) (BuildId: 26dffaf1d48a1efb9a2904bc1274d80861d07ab3)
    #26 0x7fd131a7a5ab in g_signal_emit (/usr/lib/libgobject-2.0.so.0+0x425ab) (BuildId: 26dffaf1d48a1efb9a2904bc1274d80861d07ab3)
    #27 0x7fd130a3dd90  (/usr/lib/libgtk-4.so.1+0x63dd90) (BuildId: a19017aadfb65d8f9ad5c1c3ab7c66dfcfa81192)
    #28 0x7fd13097811b  (/usr/lib/libgtk-4.so.1+0x57811b) (BuildId: a19017aadfb65d8f9ad5c1c3ab7c66dfcfa81192)
    #29 0x7fd1302e802c  (/usr/lib/libglib-2.0.so.0+0x6c02c) (BuildId: 2a17f346d652a9a095990c9d4d6a932ab2afc281)
    #30 0x7fd1302e9557  (/usr/lib/libglib-2.0.so.0+0x6d557) (BuildId: 2a17f346d652a9a095990c9d4d6a932ab2afc281)
    #31 0x7fd1302e96b1 in g_main_context_iteration (/usr/lib/libglib-2.0.so.0+0x6d6b1) (BuildId: 2a17f346d652a9a095990c9d4d6a932ab2afc281)
    #32 0x7fd130101b0d in g_application_run (/usr/lib/libgio-2.0.so.0+0x101b0d) (BuildId: a96dfa06be44fd444cdc24b7af710fcf287c53e0)
    #33 0x55dbbde4429b in main ../src/main.c:40
    #34 0x7fd12fc27c8d  (/usr/lib/libc.so.6+0x27c8d) (BuildId: da90c940060d13f3bc8a337f9c591b40ca12815e)
    #35 0x7fd12fc27dca in __libc_start_main (/usr/lib/libc.so.6+0x27dca) (BuildId: da90c940060d13f3bc8a337f9c591b40ca12815e)
    #36 0x55dbbde43eb4 in _start (/home/torm/Projects/wh-wall/builddir-asan/wh-wall+0xaeb4) (BuildId: 99ae96599e767d25a6eeb6b01dc9b8bf1325e00d)

==466979==Register values:
rax = 0xbebebebebebebebe  rbx = 0x00007d3128f82ed0  rcx = 0x00007c8128bfa870  rdx = 0x0000000000000000  
rdi = 0x00007d3128f82ed0  rsi = 0x00007c8128bfa870  rbp = 0x00007ffe8c81b5e0  rsp = 0x00007ffe8c81b530  
 r8 = 0x00007fd12fdaca40   r9 = 0x0000000000000000  r10 = 0x0000000000015270  r11 = 0x00007fd13172e800  
r12 = 0x00007c4128df2ec0  r13 = 0x0000000000000074  r14 = 0x00007d1128d0cbb0  r15 = 0x0000000000000000  
AddressSanitizer can not provide additional info.
SUMMARY: AddressSanitizer: SEGV (/usr/lib/libgobject-2.0.so.0+0x49cf5) (BuildId: 26dffaf1d48a1efb9a2904bc1274d80861d07ab3) in g_type_check_instance_cast
==466979==ABORTING
