
(wh-wall:484182): Gtk-WARNING **: 02:53:13.402: Theme parser error: gtk.css:4963:12-17: "shade" is not a valid color name.

(wh-wall:484182): Gtk-WARNING **: 02:53:13.402: Theme parser error: gtk.css:5023:12-17: "shade" is not a valid color name.

(wh-wall:484182): Gtk-WARNING **: 02:53:13.402: Theme parser error: gtk.css:5050:12-15: "mix" is not a valid color name.

(wh-wall:484182): Gtk-WARNING **: 02:53:13.402: Theme parser error: gtk.css:5054:12-15: "mix" is not a valid color name.

(wh-wall:484182): Gtk-WARNING **: 02:53:13.402: Theme parser warning: gtk.css:5255:3-5256:1: Expected ';' at end of block

(wh-wall:484182): Gtk-WARNING **: 02:53:13.402: Theme parser error: gtk.css:5286:3-19: No property named "-gtk-icon-effect"

(wh-wall:484182): Gtk-WARNING **: 02:53:13.444: Theme parser error: gtk-dark.css:4963:12-17: "shade" is not a valid color name.

(wh-wall:484182): Gtk-WARNING **: 02:53:13.444: Theme parser error: gtk-dark.css:5023:12-17: "shade" is not a valid color name.

(wh-wall:484182): Gtk-WARNING **: 02:53:13.444: Theme parser error: gtk-dark.css:5050:12-15: "mix" is not a valid color name.

(wh-wall:484182): Gtk-WARNING **: 02:53:13.444: Theme parser error: gtk-dark.css:5054:12-15: "mix" is not a valid color name.

(wh-wall:484182): Gtk-WARNING **: 02:53:13.445: Theme parser warning: gtk-dark.css:5255:3-5256:1: Expected ';' at end of block

(wh-wall:484182): Gtk-WARNING **: 02:53:13.445: Theme parser error: gtk-dark.css:5286:3-19: No property named "-gtk-icon-effect"

(wh-wall:484182): GLib-GObject-CRITICAL **: 02:53:13.497: invalid cast from 'GtkSearchEntry' to 'GtkText'

(wh-wall:484182): Gtk-CRITICAL **: 02:53:13.497: gtk_text_set_placeholder_text: assertion 'GTK_IS_TEXT (self)' failed

(wh-wall:484182): Gdk-CRITICAL **: 02:53:13.504: gdk_texture_get_width: assertion 'GDK_IS_TEXTURE (texture)' failed

(wh-wall:484182): Gdk-CRITICAL **: 02:53:13.504: gdk_texture_get_height: assertion 'GDK_IS_TEXTURE (texture)' failed

(wh-wall:484182): Gsk-CRITICAL **: 02:53:13.504: gsk_texture_node_new: assertion 'GDK_IS_TEXTURE (texture)' failed

(wh-wall:484182): Gtk-CRITICAL **: 02:53:13.504: gtk_css_section_get_bytes: assertion 'section != NULL' failed

(wh-wall:484182): Gtk-CRITICAL **: 02:53:13.504: gtk_css_section_get_bytes: assertion 'section != NULL' failed

(wh-wall:484182): Gtk-CRITICAL **: 02:53:13.504: gtk_css_section_get_bytes: assertion 'section != NULL' failed

(wh-wall:484182): Gdk-CRITICAL **: 02:53:13.504: gdk_texture_get_width: assertion 'GDK_IS_TEXTURE (texture)' failed

(wh-wall:484182): Gdk-CRITICAL **: 02:53:13.504: gdk_texture_get_height: assertion 'GDK_IS_TEXTURE (texture)' failed

(wh-wall:484182): Gsk-CRITICAL **: 02:53:13.504: gsk_texture_node_new: assertion 'GDK_IS_TEXTURE (texture)' failed

(wh-wall:484182): Gtk-CRITICAL **: 02:53:13.504: gtk_css_section_get_bytes: assertion 'section != NULL' failed

(wh-wall:484182): Gtk-CRITICAL **: 02:53:13.504: gtk_css_section_get_bytes: assertion 'section != NULL' failed

(wh-wall:484182): Gtk-CRITICAL **: 02:53:13.504: gtk_css_section_get_bytes: assertion 'section != NULL' failed

(wh-wall:484182): Gdk-CRITICAL **: 02:53:13.504: gdk_texture_get_width: assertion 'GDK_IS_TEXTURE (texture)' failed

(wh-wall:484182): Gdk-CRITICAL **: 02:53:13.504: gdk_texture_get_height: assertion 'GDK_IS_TEXTURE (texture)' failed

(wh-wall:484182): Gsk-CRITICAL **: 02:53:13.504: gsk_texture_node_new: assertion 'GDK_IS_TEXTURE (texture)' failed

(wh-wall:484182): Gtk-CRITICAL **: 02:53:13.504: gtk_css_section_get_bytes: assertion 'section != NULL' failed

(wh-wall:484182): Gtk-CRITICAL **: 02:53:13.504: gtk_css_section_get_bytes: assertion 'section != NULL' failed

(wh-wall:484182): Gtk-CRITICAL **: 02:53:13.504: gtk_css_section_get_bytes: assertion 'section != NULL' failed

(wh-wall:484182): Gdk-CRITICAL **: 02:53:13.517: gdk_texture_get_width: assertion 'GDK_IS_TEXTURE (texture)' failed

(wh-wall:484182): Gdk-CRITICAL **: 02:53:13.517: gdk_texture_get_height: assertion 'GDK_IS_TEXTURE (texture)' failed

(wh-wall:484182): Gsk-CRITICAL **: 02:53:13.517: gsk_texture_node_new: assertion 'GDK_IS_TEXTURE (texture)' failed

(wh-wall:484182): Gtk-CRITICAL **: 02:53:13.517: gtk_css_section_get_bytes: assertion 'section != NULL' failed

(wh-wall:484182): Gtk-CRITICAL **: 02:53:13.517: gtk_css_section_get_bytes: assertion 'section != NULL' failed

(wh-wall:484182): Gtk-CRITICAL **: 02:53:13.517: gtk_css_section_get_bytes: assertion 'section != NULL' failed

(wh-wall:484182): Gdk-CRITICAL **: 02:53:13.517: gdk_texture_get_width: assertion 'GDK_IS_TEXTURE (texture)' failed

(wh-wall:484182): Gdk-CRITICAL **: 02:53:13.517: gdk_texture_get_height: assertion 'GDK_IS_TEXTURE (texture)' failed

(wh-wall:484182): Gsk-CRITICAL **: 02:53:13.517: gsk_texture_node_new: assertion 'GDK_IS_TEXTURE (texture)' failed

(wh-wall:484182): Gtk-CRITICAL **: 02:53:13.517: gtk_css_section_get_bytes: assertion 'section != NULL' failed

(wh-wall:484182): Gtk-CRITICAL **: 02:53:13.517: gtk_css_section_get_bytes: assertion 'section != NULL' failed

(wh-wall:484182): Gtk-CRITICAL **: 02:53:13.517: gtk_css_section_get_bytes: assertion 'section != NULL' failed

(wh-wall:484182): Gdk-CRITICAL **: 02:53:13.517: gdk_texture_get_width: assertion 'GDK_IS_TEXTURE (texture)' failed

(wh-wall:484182): Gdk-CRITICAL **: 02:53:13.517: gdk_texture_get_height: assertion 'GDK_IS_TEXTURE (texture)' failed

(wh-wall:484182): Gsk-CRITICAL **: 02:53:13.517: gsk_texture_node_new: assertion 'GDK_IS_TEXTURE (texture)' failed

(wh-wall:484182): Gtk-CRITICAL **: 02:53:13.517: gtk_css_section_get_bytes: assertion 'section != NULL' failed

(wh-wall:484182): Gtk-CRITICAL **: 02:53:13.517: gtk_css_section_get_bytes: assertion 'section != NULL' failed

(wh-wall:484182): Gtk-CRITICAL **: 02:53:13.517: gtk_css_section_get_bytes: assertion 'section != NULL' failed

(wh-wall:484182): Gdk-CRITICAL **: 02:53:13.531: gdk_texture_get_width: assertion 'GDK_IS_TEXTURE (texture)' failed

(wh-wall:484182): Gdk-CRITICAL **: 02:53:13.531: gdk_texture_get_height: assertion 'GDK_IS_TEXTURE (texture)' failed

(wh-wall:484182): Gsk-CRITICAL **: 02:53:13.531: gsk_texture_node_new: assertion 'GDK_IS_TEXTURE (texture)' failed

(wh-wall:484182): Gtk-CRITICAL **: 02:53:13.531: gtk_css_section_get_bytes: assertion 'section != NULL' failed

(wh-wall:484182): Gtk-CRITICAL **: 02:53:13.531: gtk_css_section_get_bytes: assertion 'section != NULL' failed

(wh-wall:484182): Gtk-CRITICAL **: 02:53:13.531: gtk_css_section_get_bytes: assertion 'section != NULL' failed

(wh-wall:484182): Gdk-CRITICAL **: 02:53:13.531: gdk_texture_get_width: assertion 'GDK_IS_TEXTURE (texture)' failed

(wh-wall:484182): Gdk-CRITICAL **: 02:53:13.531: gdk_texture_get_height: assertion 'GDK_IS_TEXTURE (texture)' failed

(wh-wall:484182): Gsk-CRITICAL **: 02:53:13.531: gsk_texture_node_new: assertion 'GDK_IS_TEXTURE (texture)' failed

(wh-wall:484182): Gtk-CRITICAL **: 02:53:13.531: gtk_css_section_get_bytes: assertion 'section != NULL' failed

(wh-wall:484182): Gtk-CRITICAL **: 02:53:13.531: gtk_css_section_get_bytes: assertion 'section != NULL' failed

(wh-wall:484182): Gtk-CRITICAL **: 02:53:13.531: gtk_css_section_get_bytes: assertion 'section != NULL' failed

(wh-wall:484182): Gdk-CRITICAL **: 02:53:13.531: gdk_texture_get_width: assertion 'GDK_IS_TEXTURE (texture)' failed

(wh-wall:484182): Gdk-CRITICAL **: 02:53:13.531: gdk_texture_get_height: assertion 'GDK_IS_TEXTURE (texture)' failed

(wh-wall:484182): Gsk-CRITICAL **: 02:53:13.531: gsk_texture_node_new: assertion 'GDK_IS_TEXTURE (texture)' failed

(wh-wall:484182): Gtk-CRITICAL **: 02:53:13.531: gtk_css_section_get_bytes: assertion 'section != NULL' failed

(wh-wall:484182): Gtk-CRITICAL **: 02:53:13.531: gtk_css_section_get_bytes: assertion 'section != NULL' failed

(wh-wall:484182): Gtk-CRITICAL **: 02:53:13.531: gtk_css_section_get_bytes: assertion 'section != NULL' failed
error: invalid hyprpaper request
error: invalid hyprpaper request
=================================================================
==484182==ERROR: AddressSanitizer: heap-use-after-free on address 0x7bc6aab17658 at pc 0x56030ae084c1 bp 0x7ffc6350ee80 sp 0x7ffc6350ee70
READ of size 8 at 0x7bc6aab17658 thread T0
    #0 0x56030ae084c0 in download_task_free ../src/window.c:338
    #1 0x7f86b14c540b  (/usr/lib/libgio-2.0.so.0+0xc540b) (BuildId: a96dfa06be44fd444cdc24b7af710fcf287c53e0)
    #2 0x7f86b25aff4c in g_object_unref (/usr/lib/libgobject-2.0.so.0+0x22f4c) (BuildId: 26dffaf1d48a1efb9a2904bc1274d80861d07ab3)
    #3 0x7f86b16e264d  (/usr/lib/libglib-2.0.so.0+0x6664d) (BuildId: 2a17f346d652a9a095990c9d4d6a932ab2afc281)
    #4 0x7f86b16e8184  (/usr/lib/libglib-2.0.so.0+0x6c184) (BuildId: 2a17f346d652a9a095990c9d4d6a932ab2afc281)
    #5 0x7f86b16e9557  (/usr/lib/libglib-2.0.so.0+0x6d557) (BuildId: 2a17f346d652a9a095990c9d4d6a932ab2afc281)
    #6 0x7f86b16e96b1 in g_main_context_iteration (/usr/lib/libglib-2.0.so.0+0x6d6b1) (BuildId: 2a17f346d652a9a095990c9d4d6a932ab2afc281)
    #7 0x7f86b1501b0d in g_application_run (/usr/lib/libgio-2.0.so.0+0x101b0d) (BuildId: a96dfa06be44fd444cdc24b7af710fcf287c53e0)
    #8 0x56030ae0231b in main ../src/main.c:40
    #9 0x7f86b1027c8d  (/usr/lib/libc.so.6+0x27c8d) (BuildId: da90c940060d13f3bc8a337f9c591b40ca12815e)
    #10 0x7f86b1027dca in __libc_start_main (/usr/lib/libc.so.6+0x27dca) (BuildId: da90c940060d13f3bc8a337f9c591b40ca12815e)
    #11 0x56030ae01f34 in _start (/home/torm/Projects/wh-wall/builddir-asan/wh-wall+0xaf34) (BuildId: dac8d122b603652e0352a75ed4c5aafb077dbf29)

0x7bc6aab17658 is located 8 bytes inside of 48-byte region [0x7bc6aab17650,0x7bc6aab17680)
freed by thread T0 here:
    #0 0x7f86b275eda1  (/usr/lib/libasan.so.8+0x15eda1) (BuildId: 07514fafdd549d834cdd73d686195a09c5bbd488)
    #1 0x56030ae08501 in download_task_free ../src/window.c:339
    #2 0x56030ae08ade in on_download_done ../src/window.c:377
    #3 0x7f86b14c1617  (/usr/lib/libgio-2.0.so.0+0xc1617) (BuildId: a96dfa06be44fd444cdc24b7af710fcf287c53e0)

previously allocated by thread T0 here:
    #0 0x7f86b27605e9 in calloc (/usr/lib/libasan.so.8+0x1605e9) (BuildId: 07514fafdd549d834cdd73d686195a09c5bbd488)
    #1 0x7f86b16f71fa in g_malloc0 (/usr/lib/libglib-2.0.so.0+0x7b1fa) (BuildId: 2a17f346d652a9a095990c9d4d6a932ab2afc281)
    #2 0x56030ae08e6c in on_preview_set_bg ../src/window.c:413
    #3 0x7f86b25ceeaa  (/usr/lib/libgobject-2.0.so.0+0x41eaa) (BuildId: 26dffaf1d48a1efb9a2904bc1274d80861d07ab3)
    #4 0x7f86b25cf4e8 in g_signal_emit_valist (/usr/lib/libgobject-2.0.so.0+0x424e8) (BuildId: 26dffaf1d48a1efb9a2904bc1274d80861d07ab3)
    #5 0x7f86b25cf4e8 in g_signal_emit_valist (/usr/lib/libgobject-2.0.so.0+0x424e8) (BuildId: 26dffaf1d48a1efb9a2904bc1274d80861d07ab3)

SUMMARY: AddressSanitizer: heap-use-after-free ../src/window.c:338 in download_task_free
Shadow bytes around the buggy address:
  0x7bc6aab17380: fa fa fd fd fd fd fd fa fa fa fd fd fd fd fd fa
  0x7bc6aab17400: fa fa fa fa fa fa fa fa fa fa fa fa fa fa fa fa
  0x7bc6aab17480: fa fa fa fa fa fa fa fa fa fa fa fa fa fa fa fa
  0x7bc6aab17500: fa fa 00 00 00 00 00 00 fa fa fa fa fa fa fa fa
  0x7bc6aab17580: fa fa fa fa fa fa fa fa fa fa fa fa fa fa fa fa
=>0x7bc6aab17600: fa fa fa fa fa fa fa fa fa fa fd[fd]fd fd fd fd
  0x7bc6aab17680: fa fa fd fd fd fd fd fd fa fa fa fa fa fa fa fa
  0x7bc6aab17700: fa fa fa fa fa fa fa fa fa fa fa fa fa fa fa fa
  0x7bc6aab17780: fa fa fa fa fa fa fa fa fa fa fa fa fa fa fa fa
  0x7bc6aab17800: fa fa fa fa fa fa fa fa fa fa fa fa fa fa fa fa
  0x7bc6aab17880: fa fa fa fa fa fa fa fa fa fa fd fd fd fd fd fd
Shadow byte legend (one shadow byte represents 8 application bytes):
  Addressable:           00
  Partially addressable: 01 02 03 04 05 06 07 
  Heap left redzone:       fa
  Freed heap region:       fd
  Stack left redzone:      f1
  Stack mid redzone:       f2
  Stack right redzone:     f3
  Stack after return:      f5
  Stack use after scope:   f8
  Global redzone:          f9
  Global init order:       f6
  Poisoned by user:        f7
  Container overflow:      fc
  Array cookie:            ac
  Intra object redzone:    bb
  ASan internal:           fe
  Left alloca redzone:     ca
  Right alloca redzone:    cb
==484182==ABORTING
